<?xml version="1.0" encoding="UTF-8"?>
<testsuite name="app.AppTest" tests="18" skipped="0" failures="0" errors="0" timestamp="2022-10-18T19:07:17" hostname="DESKTOP-I5GSO6T" time="0.132">
  <properties/>
  <testcase name="testMapSchemaShape1()" classname="app.AppTest" time="0.099"/>
  <testcase name="testMapSchemaShape2()" classname="app.AppTest" time="0.001"/>
  <testcase name="testMapSchemaShape3()" classname="app.AppTest" time="0.001"/>
  <testcase name="testMapSchemaShape4()" classname="app.AppTest" time="0.001"/>
  <testcase name="testStringSchema1()" classname="app.AppTest" time="0.001"/>
  <testcase name="testStringSchema2()" classname="app.AppTest" time="0.001"/>
  <testcase name="testStringSchema3()" classname="app.AppTest" time="0.0"/>
  <testcase name="testStringSchema4()" classname="app.AppTest" time="0.001"/>
  <testcase name="testStringSchema5()" classname="app.AppTest" time="0.001"/>
  <testcase name="testStringSchema6()" classname="app.AppTest" time="0.001"/>
  <testcase name="testNumberSchema1()" classname="app.AppTest" time="0.0"/>
  <testcase name="testNumberSchema2()" classname="app.AppTest" time="0.002"/>
  <testcase name="testNumberSchema3()" classname="app.AppTest" time="0.001"/>
  <testcase name="testNumberSchema4()" classname="app.AppTest" time="0.001"/>
  <testcase name="testMapSchema1()" classname="app.AppTest" time="0.001"/>
  <testcase name="testMapSchema2()" classname="app.AppTest" time="0.001"/>
  <testcase name="testMapSchema3()" classname="app.AppTest" time="0.0"/>
  <testcase name="testMapSchema4()" classname="app.AppTest" time="0.002"/>
  <system-out><![CDATA[]]></system-out>
  <system-err><![CDATA[]]></system-err>
</testsuite>
